This file contains any messages produced by compilers while
running configure, to aid debugging if configure makes a mistake.

It was created by configure, which was
generated by GNU Autoconf 2.68.  Invocation command line was

  $ ./configure 

## --------- ##
## Platform. ##
## --------- ##

hostname = swapna
uname -m = i686
uname -r = 3.2.0-27-generic-pae
uname -s = Linux
uname -v = #43-Ubuntu SMP Fri Jul 6 15:06:05 UTC 2012

/usr/bin/uname -p = unknown
/bin/uname -X     = unknown

/bin/arch              = unknown
/usr/bin/arch -k       = unknown
/usr/convex/getsysinfo = unknown
/usr/bin/hostinfo      = unknown
/bin/machine           = unknown
/usr/bin/oslevel       = unknown
/bin/universe          = unknown

PATH: /usr/local/sbin
PATH: /usr/local/bin
PATH: /usr/sbin
PATH: /usr/bin
PATH: /sbin
PATH: /bin


## ----------- ##
## Core tests. ##
## ----------- ##

configure:2400: checking build system type
configure:2414: result: i686-pc-linux-gnu
configure:2434: checking host system type
configure:2447: result: i686-pc-linux-gnu
configure:2488: checking how to print strings
configure:2515: result: printf
configure:2584: checking for gcc
configure:2600: found /usr/bin/gcc
configure:2611: result: gcc
configure:2840: checking for C compiler version
configure:2849: gcc --version >&5
gcc (Ubuntu/Linaro 4.6.3-1ubuntu5) 4.6.3
Copyright (C) 2011 Free Software Foundation, Inc.
This is free software; see the source for copying conditions.  There is NO
warranty; not even for MERCHANTABILITY or FITNESS FOR A PARTICULAR PURPOSE.

configure:2860: $? = 0
configure:2849: gcc -v >&5
Using built-in specs.
COLLECT_GCC=gcc
COLLECT_LTO_WRAPPER=/usr/lib/gcc/i686-linux-gnu/4.6/lto-wrapper
Target: i686-linux-gnu
Configured with: ../src/configure -v --with-pkgversion='Ubuntu/Linaro 4.6.3-1ubuntu5' --with-bugurl=file:///usr/share/doc/gcc-4.6/README.Bugs --enable-languages=c,c++,fortran,objc,obj-c++ --prefix=/usr --program-suffix=-4.6 --enable-shared --enable-linker-build-id --with-system-zlib --libexecdir=/usr/lib --without-included-gettext --enable-threads=posix --with-gxx-include-dir=/usr/include/c++/4.6 --libdir=/usr/lib --enable-nls --with-sysroot=/ --enable-clocale=gnu --enable-libstdcxx-debug --enable-libstdcxx-time=yes --enable-gnu-unique-object --enable-plugin --enable-objc-gc --enable-targets=all --disable-werror --with-arch-32=i686 --with-tune=generic --enable-checking=release --build=i686-linux-gnu --host=i686-linux-gnu --target=i686-linux-gnu
Thread model: posix
gcc version 4.6.3 (Ubuntu/Linaro 4.6.3-1ubuntu5) 
configure:2860: $? = 0
configure:2849: gcc -V >&5
gcc: error: unrecognized option '-V'
gcc: fatal error: no input files
compilation terminated.
configure:2860: $? = 4
configure:2849: gcc -qversion >&5
gcc: error: unrecognized option '-qversion'
gcc: fatal error: no input files
compilation terminated.
configure:2860: $? = 4
configure:2880: checking whether the C compiler works
configure:2902: gcc    conftest.c  >&5
configure:2906: $? = 0
configure:2954: result: yes
configure:2957: checking for C compiler default output file name
configure:2959: result: a.out
configure:2965: checking for suffix of executables
configure:2972: gcc -o conftest    conftest.c  >&5
configure:2976: $? = 0
configure:2998: result: 
configure:3020: checking whether we are cross compiling
configure:3028: gcc -o conftest    conftest.c  >&5
configure:3032: $? = 0
configure:3039: ./conftest
configure:3043: $? = 0
configure:3058: result: no
configure:3063: checking for suffix of object files
configure:3085: gcc -c   conftest.c >&5
configure:3089: $? = 0
configure:3110: result: o
configure:3114: checking whether we are using the GNU C compiler
configure:3133: gcc -c   conftest.c >&5
configure:3133: $? = 0
configure:3142: result: yes
configure:3151: checking whether gcc accepts -g
configure:3171: gcc -c -g  conftest.c >&5
configure:3171: $? = 0
configure:3212: result: yes
configure:3229: checking for gcc option to accept ISO C89
configure:3293: gcc  -c -g -O2  conftest.c >&5
configure:3293: $? = 0
configure:3306: result: none needed
configure:3326: checking for a sed that does not truncate output
configure:3390: result: /bin/sed
configure:3408: checking for grep that handles long lines and -e
configure:3466: result: /bin/grep
configure:3471: checking for egrep
configure:3533: result: /bin/grep -E
configure:3538: checking for fgrep
configure:3600: result: /bin/grep -F
configure:3635: checking for ld used by gcc
configure:3702: result: /usr/bin/ld
configure:3709: checking if the linker (/usr/bin/ld) is GNU ld
configure:3724: result: yes
configure:3736: checking for BSD- or MS-compatible name lister (nm)
configure:3785: result: /usr/bin/nm -B
configure:3915: checking the name lister (/usr/bin/nm -B) interface
configure:3922: gcc -c -g -O2  conftest.c >&5
configure:3925: /usr/bin/nm -B "conftest.o"
configure:3928: output
00000000 B some_variable
configure:3935: result: BSD nm
configure:3938: checking whether ln -s works
configure:3942: result: yes
configure:3950: checking the maximum length of command line arguments
configure:4075: result: 1572864
configure:4092: checking whether the shell understands some XSI constructs
configure:4102: result: yes
configure:4106: checking whether the shell understands "+="
configure:4112: result: yes
configure:4147: checking how to convert i686-pc-linux-gnu file names to i686-pc-linux-gnu format
configure:4187: result: func_convert_file_noop
configure:4194: checking how to convert i686-pc-linux-gnu file names to toolchain format
configure:4214: result: func_convert_file_noop
configure:4221: checking for /usr/bin/ld option to reload object files
configure:4228: result: -r
configure:4302: checking for objdump
configure:4318: found /usr/bin/objdump
configure:4329: result: objdump
configure:4361: checking how to recognize dependent libraries
configure:4563: result: pass_all
configure:4648: checking for dlltool
configure:4678: result: no
configure:4708: checking how to associate runtime and link libraries
configure:4735: result: printf %s\n
configure:4796: checking for ar
configure:4812: found /usr/bin/ar
configure:4823: result: ar
configure:4860: checking for archiver @FILE support
configure:4877: gcc -c -g -O2  conftest.c >&5
configure:4877: $? = 0
configure:4880: ar cru libconftest.a @conftest.lst >&5
configure:4883: $? = 0
configure:4888: ar cru libconftest.a @conftest.lst >&5
ar: conftest.o: No such file or directory
configure:4891: $? = 1
configure:4903: result: @
configure:4961: checking for strip
configure:4977: found /usr/bin/strip
configure:4988: result: strip
configure:5060: checking for ranlib
configure:5076: found /usr/bin/ranlib
configure:5087: result: ranlib
configure:5164: checking for gawk
configure:5194: result: no
configure:5164: checking for mawk
configure:5180: found /usr/bin/mawk
configure:5191: result: mawk
configure:5231: checking command to parse /usr/bin/nm -B output from gcc object
configure:5350: gcc -c -g -O2  conftest.c >&5
configure:5353: $? = 0
configure:5357: /usr/bin/nm -B conftest.o \| sed -n -e 's/^.*[ ]\([ABCDGIRSTW][ABCDGIRSTW]*\)[ ][ ]*\([_A-Za-z][_A-Za-z0-9]*\)$/\1 \2 \2/p' | sed '/ __gnu_lto/d' \> conftest.nm
configure:5360: $? = 0
configure:5426: gcc -o conftest -g -O2   conftest.c conftstm.o >&5
configure:5429: $? = 0
configure:5467: result: ok
configure:5504: checking for sysroot
configure:5534: result: no
configure:5777: checking for mt
configure:5793: found /bin/mt
configure:5804: result: mt
configure:5827: checking if mt is a manifest tool
configure:5833: mt '-?'
configure:5841: result: no
configure:6473: checking how to run the C preprocessor
configure:6504: gcc -E  conftest.c
configure:6504: $? = 0
configure:6518: gcc -E  conftest.c
conftest.c:9:28: fatal error: ac_nonexistent.h: No such file or directory
compilation terminated.
configure:6518: $? = 1
configure: failed program was:
| /* confdefs.h */
| #define PACKAGE_NAME ""
| #define PACKAGE_TARNAME ""
| #define PACKAGE_VERSION ""
| #define PACKAGE_STRING ""
| #define PACKAGE_BUGREPORT ""
| #define PACKAGE_URL ""
| /* end confdefs.h.  */
| #include <ac_nonexistent.h>
configure:6543: result: gcc -E
configure:6563: gcc -E  conftest.c
configure:6563: $? = 0
configure:6577: gcc -E  conftest.c
conftest.c:9:28: fatal error: ac_nonexistent.h: No such file or directory
compilation terminated.
configure:6577: $? = 1
configure: failed program was:
| /* confdefs.h */
| #define PACKAGE_NAME ""
| #define PACKAGE_TARNAME ""
| #define PACKAGE_VERSION ""
| #define PACKAGE_STRING ""
| #define PACKAGE_BUGREPORT ""
| #define PACKAGE_URL ""
| /* end confdefs.h.  */
| #include <ac_nonexistent.h>
configure:6606: checking for ANSI C header files
configure:6626: gcc -c -g -O2  conftest.c >&5
configure:6626: $? = 0
configure:6699: gcc -o conftest -g -O2   conftest.c  >&5
configure:6699: $? = 0
configure:6699: ./conftest
configure:6699: $? = 0
configure:6710: result: yes
configure:6723: checking for sys/types.h
configure:6723: gcc -c -g -O2  conftest.c >&5
configure:6723: $? = 0
configure:6723: result: yes
configure:6723: checking for sys/stat.h
configure:6723: gcc -c -g -O2  conftest.c >&5
configure:6723: $? = 0
configure:6723: result: yes
configure:6723: checking for stdlib.h
configure:6723: gcc -c -g -O2  conftest.c >&5
configure:6723: $? = 0
configure:6723: result: yes
configure:6723: checking for string.h
configure:6723: gcc -c -g -O2  conftest.c >&5
configure:6723: $? = 0
configure:6723: result: yes
configure:6723: checking for memory.h
configure:6723: gcc -c -g -O2  conftest.c >&5
configure:6723: $? = 0
configure:6723: result: yes
configure:6723: checking for strings.h
configure:6723: gcc -c -g -O2  conftest.c >&5
configure:6723: $? = 0
configure:6723: result: yes
configure:6723: checking for inttypes.h
configure:6723: gcc -c -g -O2  conftest.c >&5
configure:6723: $? = 0
configure:6723: result: yes
configure:6723: checking for stdint.h
configure:6723: gcc -c -g -O2  conftest.c >&5
configure:6723: $? = 0
configure:6723: result: yes
configure:6723: checking for unistd.h
configure:6723: gcc -c -g -O2  conftest.c >&5
configure:6723: $? = 0
configure:6723: result: yes
configure:6737: checking for dlfcn.h
configure:6737: gcc -c -g -O2  conftest.c >&5
configure:6737: $? = 0
configure:6737: result: yes
configure:6924: checking for objdir
configure:6939: result: .libs
configure:7210: checking if gcc supports -fno-rtti -fno-exceptions
configure:7228: gcc -c -g -O2  -fno-rtti -fno-exceptions conftest.c >&5
cc1: warning: command line option '-fno-rtti' is valid for C++/ObjC++ but not for C [enabled by default]
configure:7232: $? = 0
configure:7245: result: no
configure:7555: checking for gcc option to produce PIC
configure:7562: result: -fPIC -DPIC
configure:7570: checking if gcc PIC flag -fPIC -DPIC works
configure:7588: gcc -c -g -O2  -fPIC -DPIC -DPIC conftest.c >&5
configure:7592: $? = 0
configure:7605: result: yes
configure:7634: checking if gcc static flag -static works
configure:7662: result: yes
configure:7677: checking if gcc supports -c -o file.o
configure:7698: gcc -c -g -O2  -o out/conftest2.o conftest.c >&5
configure:7702: $? = 0
configure:7724: result: yes
configure:7732: checking if gcc supports -c -o file.o
configure:7779: result: yes
configure:7812: checking whether the gcc linker (/usr/bin/ld) supports shared libraries
configure:8970: result: yes
configure:9007: checking whether -lc should be explicitly linked in
configure:9015: gcc -c -g -O2  conftest.c >&5
configure:9018: $? = 0
configure:9033: gcc -shared  -fPIC -DPIC conftest.o  -v -Wl,-soname -Wl,conftest -o conftest 2\>\&1 \| /bin/grep  -lc  \>/dev/null 2\>\&1
configure:9036: $? = 0
configure:9050: result: no
configure:9215: checking dynamic linker characteristics
configure:9729: gcc -o conftest -g -O2   -Wl,-rpath -Wl,/foo conftest.c  >&5
configure:9729: $? = 0
configure:9951: result: GNU/Linux ld.so
configure:10058: checking how to hardcode library paths into programs
configure:10083: result: immediate
configure:10623: checking whether stripping libraries is possible
configure:10628: result: yes
configure:10663: checking if libtool supports shared libraries
configure:10665: result: yes
configure:10668: checking whether to build shared libraries
configure:10689: result: yes
configure:10692: checking whether to build static libraries
configure:10696: result: yes
configure:10780: checking for gcc
configure:10807: result: gcc
configure:11036: checking for C compiler version
configure:11045: gcc --version >&5
gcc (Ubuntu/Linaro 4.6.3-1ubuntu5) 4.6.3
Copyright (C) 2011 Free Software Foundation, Inc.
This is free software; see the source for copying conditions.  There is NO
warranty; not even for MERCHANTABILITY or FITNESS FOR A PARTICULAR PURPOSE.

configure:11056: $? = 0
configure:11045: gcc -v >&5
Using built-in specs.
COLLECT_GCC=gcc
COLLECT_LTO_WRAPPER=/usr/lib/gcc/i686-linux-gnu/4.6/lto-wrapper
Target: i686-linux-gnu
Configured with: ../src/configure -v --with-pkgversion='Ubuntu/Linaro 4.6.3-1ubuntu5' --with-bugurl=file:///usr/share/doc/gcc-4.6/README.Bugs --enable-languages=c,c++,fortran,objc,obj-c++ --prefix=/usr --program-suffix=-4.6 --enable-shared --enable-linker-build-id --with-system-zlib --libexecdir=/usr/lib --without-included-gettext --enable-threads=posix --with-gxx-include-dir=/usr/include/c++/4.6 --libdir=/usr/lib --enable-nls --with-sysroot=/ --enable-clocale=gnu --enable-libstdcxx-debug --enable-libstdcxx-time=yes --enable-gnu-unique-object --enable-plugin --enable-objc-gc --enable-targets=all --disable-werror --with-arch-32=i686 --with-tune=generic --enable-checking=release --build=i686-linux-gnu --host=i686-linux-gnu --target=i686-linux-gnu
Thread model: posix
gcc version 4.6.3 (Ubuntu/Linaro 4.6.3-1ubuntu5) 
configure:11056: $? = 0
configure:11045: gcc -V >&5
gcc: error: unrecognized option '-V'
gcc: fatal error: no input files
compilation terminated.
configure:11056: $? = 4
configure:11045: gcc -qversion >&5
gcc: error: unrecognized option '-qversion'
gcc: fatal error: no input files
compilation terminated.
configure:11056: $? = 4
configure:11060: checking whether we are using the GNU C compiler
configure:11088: result: yes
configure:11097: checking whether gcc accepts -g
configure:11158: result: yes
configure:11175: checking for gcc option to accept ISO C89
configure:11252: result: none needed
configure:11277: checking how to run the C preprocessor
configure:11347: result: gcc -E
configure:11367: gcc -E  conftest.c
configure:11367: $? = 0
configure:11381: gcc -E  conftest.c
conftest.c:21:28: fatal error: ac_nonexistent.h: No such file or directory
compilation terminated.
configure:11381: $? = 1
configure: failed program was:
| /* confdefs.h */
| #define PACKAGE_NAME ""
| #define PACKAGE_TARNAME ""
| #define PACKAGE_VERSION ""
| #define PACKAGE_STRING ""
| #define PACKAGE_BUGREPORT ""
| #define PACKAGE_URL ""
| #define STDC_HEADERS 1
| #define HAVE_SYS_TYPES_H 1
| #define HAVE_SYS_STAT_H 1
| #define HAVE_STDLIB_H 1
| #define HAVE_STRING_H 1
| #define HAVE_MEMORY_H 1
| #define HAVE_STRINGS_H 1
| #define HAVE_INTTYPES_H 1
| #define HAVE_STDINT_H 1
| #define HAVE_UNISTD_H 1
| #define HAVE_DLFCN_H 1
| #define LT_OBJDIR ".libs/"
| /* end confdefs.h.  */
| #include <ac_nonexistent.h>
configure:11467: checking for g++
configure:11483: found /usr/bin/g++
configure:11494: result: g++
configure:11521: checking for C++ compiler version
configure:11530: g++ --version >&5
g++ (Ubuntu/Linaro 4.6.3-1ubuntu5) 4.6.3
Copyright (C) 2011 Free Software Foundation, Inc.
This is free software; see the source for copying conditions.  There is NO
warranty; not even for MERCHANTABILITY or FITNESS FOR A PARTICULAR PURPOSE.

configure:11541: $? = 0
configure:11530: g++ -v >&5
Using built-in specs.
COLLECT_GCC=g++
COLLECT_LTO_WRAPPER=/usr/lib/gcc/i686-linux-gnu/4.6/lto-wrapper
Target: i686-linux-gnu
Configured with: ../src/configure -v --with-pkgversion='Ubuntu/Linaro 4.6.3-1ubuntu5' --with-bugurl=file:///usr/share/doc/gcc-4.6/README.Bugs --enable-languages=c,c++,fortran,objc,obj-c++ --prefix=/usr --program-suffix=-4.6 --enable-shared --enable-linker-build-id --with-system-zlib --libexecdir=/usr/lib --without-included-gettext --enable-threads=posix --with-gxx-include-dir=/usr/include/c++/4.6 --libdir=/usr/lib --enable-nls --with-sysroot=/ --enable-clocale=gnu --enable-libstdcxx-debug --enable-libstdcxx-time=yes --enable-gnu-unique-object --enable-plugin --enable-objc-gc --enable-targets=all --disable-werror --with-arch-32=i686 --with-tune=generic --enable-checking=release --build=i686-linux-gnu --host=i686-linux-gnu --target=i686-linux-gnu
Thread model: posix
gcc version 4.6.3 (Ubuntu/Linaro 4.6.3-1ubuntu5) 
configure:11541: $? = 0
configure:11530: g++ -V >&5
g++: error: unrecognized option '-V'
g++: fatal error: no input files
compilation terminated.
configure:11541: $? = 4
configure:11530: g++ -qversion >&5
g++: error: unrecognized option '-qversion'
g++: fatal error: no input files
compilation terminated.
configure:11541: $? = 4
configure:11545: checking whether we are using the GNU C++ compiler
configure:11564: g++ -c   conftest.cpp >&5
configure:11564: $? = 0
configure:11573: result: yes
configure:11582: checking whether g++ accepts -g
configure:11602: g++ -c -g  conftest.cpp >&5
configure:11602: $? = 0
configure:11643: result: yes
configure:11684: checking how to run the C++ preprocessor
configure:11711: g++ -E  conftest.cpp
configure:11711: $? = 0
configure:11725: g++ -E  conftest.cpp
conftest.cpp:21:28: fatal error: ac_nonexistent.h: No such file or directory
compilation terminated.
configure:11725: $? = 1
configure: failed program was:
| /* confdefs.h */
| #define PACKAGE_NAME ""
| #define PACKAGE_TARNAME ""
| #define PACKAGE_VERSION ""
| #define PACKAGE_STRING ""
| #define PACKAGE_BUGREPORT ""
| #define PACKAGE_URL ""
| #define STDC_HEADERS 1
| #define HAVE_SYS_TYPES_H 1
| #define HAVE_SYS_STAT_H 1
| #define HAVE_STDLIB_H 1
| #define HAVE_STRING_H 1
| #define HAVE_MEMORY_H 1
| #define HAVE_STRINGS_H 1
| #define HAVE_INTTYPES_H 1
| #define HAVE_STDINT_H 1
| #define HAVE_UNISTD_H 1
| #define HAVE_DLFCN_H 1
| #define LT_OBJDIR ".libs/"
| /* end confdefs.h.  */
| #include <ac_nonexistent.h>
configure:11750: result: g++ -E
configure:11770: g++ -E  conftest.cpp
configure:11770: $? = 0
configure:11784: g++ -E  conftest.cpp
conftest.cpp:21:28: fatal error: ac_nonexistent.h: No such file or directory
compilation terminated.
configure:11784: $? = 1
configure: failed program was:
| /* confdefs.h */
| #define PACKAGE_NAME ""
| #define PACKAGE_TARNAME ""
| #define PACKAGE_VERSION ""
| #define PACKAGE_STRING ""
| #define PACKAGE_BUGREPORT ""
| #define PACKAGE_URL ""
| #define STDC_HEADERS 1
| #define HAVE_SYS_TYPES_H 1
| #define HAVE_SYS_STAT_H 1
| #define HAVE_STDLIB_H 1
| #define HAVE_STRING_H 1
| #define HAVE_MEMORY_H 1
| #define HAVE_STRINGS_H 1
| #define HAVE_INTTYPES_H 1
| #define HAVE_STDINT_H 1
| #define HAVE_UNISTD_H 1
| #define HAVE_DLFCN_H 1
| #define LT_OBJDIR ".libs/"
| /* end confdefs.h.  */
| #include <ac_nonexistent.h>
configure:11954: checking for ld used by g++
configure:12021: result: /usr/bin/ld
configure:12028: checking if the linker (/usr/bin/ld) is GNU ld
configure:12043: result: yes
configure:12098: checking whether the g++ linker (/usr/bin/ld) supports shared libraries
configure:13102: result: yes
configure:13137: g++ -c -g -O2  conftest.cpp >&5
configure:13140: $? = 0
configure:13660: checking for g++ option to produce PIC
configure:13667: result: -fPIC -DPIC
configure:13675: checking if g++ PIC flag -fPIC -DPIC works
configure:13693: g++ -c -g -O2  -fPIC -DPIC -DPIC conftest.cpp >&5
configure:13697: $? = 0
configure:13710: result: yes
configure:13733: checking if g++ static flag -static works
configure:13761: result: yes
configure:13773: checking if g++ supports -c -o file.o
configure:13794: g++ -c -g -O2  -o out/conftest2.o conftest.cpp >&5
configure:13798: $? = 0
configure:13820: result: yes
configure:13825: checking if g++ supports -c -o file.o
configure:13872: result: yes
configure:13902: checking whether the g++ linker (/usr/bin/ld) supports shared libraries
configure:13936: result: yes
configure:14079: checking dynamic linker characteristics
configure:14749: result: GNU/Linux ld.so
configure:14802: checking how to hardcode library paths into programs
configure:14827: result: immediate
configure:14872: checking if g++ supports -Wall
configure:14890: gcc -c -g -O2  -Wall conftest.c >&5
configure:14894: $? = 0
configure:14907: result: yes
configure:14916: checking if g++ supports -Wmissing-prototypes
configure:14934: gcc -c -g -O2  -Wmissing-prototypes conftest.c >&5
configure:14938: $? = 0
configure:14951: result: yes
configure:14963: checking if g++ supports -ffloat-store
configure:14981: gcc -c -g -O2  -ffloat-store conftest.c >&5
configure:14985: $? = 0
configure:14998: result: yes
configure:15041: checking for flex
configure:15071: result: no
configure:15041: checking for lex
configure:15071: result: no
configure:15199: checking for bison
configure:15229: result: no
configure:15199: checking for byacc
configure:15229: result: no
configure:15241: checking ieeefp.h usability
configure:15241: gcc -c -g -O2  conftest.c >&5
conftest.c:57:20: fatal error: ieeefp.h: No such file or directory
compilation terminated.
configure:15241: $? = 1
configure: failed program was:
| /* confdefs.h */
| #define PACKAGE_NAME ""
| #define PACKAGE_TARNAME ""
| #define PACKAGE_VERSION ""
| #define PACKAGE_STRING ""
| #define PACKAGE_BUGREPORT ""
| #define PACKAGE_URL ""
| #define STDC_HEADERS 1
| #define HAVE_SYS_TYPES_H 1
| #define HAVE_SYS_STAT_H 1
| #define HAVE_STDLIB_H 1
| #define HAVE_STRING_H 1
| #define HAVE_MEMORY_H 1
| #define HAVE_STRINGS_H 1
| #define HAVE_INTTYPES_H 1
| #define HAVE_STDINT_H 1
| #define HAVE_UNISTD_H 1
| #define HAVE_DLFCN_H 1
| #define LT_OBJDIR ".libs/"
| #define POSTGIS_MAJOR_VERSION "1"
| #define POSTGIS_MINOR_VERSION "5"
| #define POSTGIS_MICRO_VERSION "3"
| /* end confdefs.h.  */
| #include <stdio.h>
| #ifdef HAVE_SYS_TYPES_H
| # include <sys/types.h>
| #endif
| #ifdef HAVE_SYS_STAT_H
| # include <sys/stat.h>
| #endif
| #ifdef STDC_HEADERS
| # include <stdlib.h>
| # include <stddef.h>
| #else
| # ifdef HAVE_STDLIB_H
| #  include <stdlib.h>
| # endif
| #endif
| #ifdef HAVE_STRING_H
| # if !defined STDC_HEADERS && defined HAVE_MEMORY_H
| #  include <memory.h>
| # endif
| # include <string.h>
| #endif
| #ifdef HAVE_STRINGS_H
| # include <strings.h>
| #endif
| #ifdef HAVE_INTTYPES_H
| # include <inttypes.h>
| #endif
| #ifdef HAVE_STDINT_H
| # include <stdint.h>
| #endif
| #ifdef HAVE_UNISTD_H
| # include <unistd.h>
| #endif
| #include <ieeefp.h>
configure:15241: result: no
configure:15241: checking ieeefp.h presence
configure:15241: gcc -E  conftest.c
conftest.c:24:20: fatal error: ieeefp.h: No such file or directory
compilation terminated.
configure:15241: $? = 1
configure: failed program was:
| /* confdefs.h */
| #define PACKAGE_NAME ""
| #define PACKAGE_TARNAME ""
| #define PACKAGE_VERSION ""
| #define PACKAGE_STRING ""
| #define PACKAGE_BUGREPORT ""
| #define PACKAGE_URL ""
| #define STDC_HEADERS 1
| #define HAVE_SYS_TYPES_H 1
| #define HAVE_SYS_STAT_H 1
| #define HAVE_STDLIB_H 1
| #define HAVE_STRING_H 1
| #define HAVE_MEMORY_H 1
| #define HAVE_STRINGS_H 1
| #define HAVE_INTTYPES_H 1
| #define HAVE_STDINT_H 1
| #define HAVE_UNISTD_H 1
| #define HAVE_DLFCN_H 1
| #define LT_OBJDIR ".libs/"
| #define POSTGIS_MAJOR_VERSION "1"
| #define POSTGIS_MINOR_VERSION "5"
| #define POSTGIS_MICRO_VERSION "3"
| /* end confdefs.h.  */
| #include <ieeefp.h>
configure:15241: result: no
configure:15241: checking for ieeefp.h
configure:15241: result: no
configure:15273: checking for convert
configure:15306: result: no
configure:15312: WARNING: ImageMagick does not seem to be installed. Documentation cannot be built
configure:15318: checking for xsltproc
configure:15351: result: no
configure:15357: WARNING: xsltproc is not installed so documentation cannot be built
configure:15363: checking for dblatex
configure:15396: result: no
configure:15402: WARNING: dblatex is not installed so PDF documentation cannot be built
configure:15434: WARNING: could not locate Docbook stylesheets required to build the documentation
configure:15459: checking CUnit/CUnit.h usability
configure:15459: gcc -c -g -O2  conftest.c >&5
conftest.c:59:25: fatal error: CUnit/CUnit.h: No such file or directory
compilation terminated.
configure:15459: $? = 1
configure: failed program was:
| /* confdefs.h */
| #define PACKAGE_NAME ""
| #define PACKAGE_TARNAME ""
| #define PACKAGE_VERSION ""
| #define PACKAGE_STRING ""
| #define PACKAGE_BUGREPORT ""
| #define PACKAGE_URL ""
| #define STDC_HEADERS 1
| #define HAVE_SYS_TYPES_H 1
| #define HAVE_SYS_STAT_H 1
| #define HAVE_STDLIB_H 1
| #define HAVE_STRING_H 1
| #define HAVE_MEMORY_H 1
| #define HAVE_STRINGS_H 1
| #define HAVE_INTTYPES_H 1
| #define HAVE_STDINT_H 1
| #define HAVE_UNISTD_H 1
| #define HAVE_DLFCN_H 1
| #define LT_OBJDIR ".libs/"
| #define POSTGIS_MAJOR_VERSION "1"
| #define POSTGIS_MINOR_VERSION "5"
| #define POSTGIS_MICRO_VERSION "3"
| #define HAVE_IEEEFP_H 0
| #define PWDREGRESS 1
| /* end confdefs.h.  */
| #include <stdio.h>
| #ifdef HAVE_SYS_TYPES_H
| # include <sys/types.h>
| #endif
| #ifdef HAVE_SYS_STAT_H
| # include <sys/stat.h>
| #endif
| #ifdef STDC_HEADERS
| # include <stdlib.h>
| # include <stddef.h>
| #else
| # ifdef HAVE_STDLIB_H
| #  include <stdlib.h>
| # endif
| #endif
| #ifdef HAVE_STRING_H
| # if !defined STDC_HEADERS && defined HAVE_MEMORY_H
| #  include <memory.h>
| # endif
| # include <string.h>
| #endif
| #ifdef HAVE_STRINGS_H
| # include <strings.h>
| #endif
| #ifdef HAVE_INTTYPES_H
| # include <inttypes.h>
| #endif
| #ifdef HAVE_STDINT_H
| # include <stdint.h>
| #endif
| #ifdef HAVE_UNISTD_H
| # include <unistd.h>
| #endif
| #include <CUnit/CUnit.h>
configure:15459: result: no
configure:15459: checking CUnit/CUnit.h presence
configure:15459: gcc -E  conftest.c
conftest.c:26:25: fatal error: CUnit/CUnit.h: No such file or directory
compilation terminated.
configure:15459: $? = 1
configure: failed program was:
| /* confdefs.h */
| #define PACKAGE_NAME ""
| #define PACKAGE_TARNAME ""
| #define PACKAGE_VERSION ""
| #define PACKAGE_STRING ""
| #define PACKAGE_BUGREPORT ""
| #define PACKAGE_URL ""
| #define STDC_HEADERS 1
| #define HAVE_SYS_TYPES_H 1
| #define HAVE_SYS_STAT_H 1
| #define HAVE_STDLIB_H 1
| #define HAVE_STRING_H 1
| #define HAVE_MEMORY_H 1
| #define HAVE_STRINGS_H 1
| #define HAVE_INTTYPES_H 1
| #define HAVE_STDINT_H 1
| #define HAVE_UNISTD_H 1
| #define HAVE_DLFCN_H 1
| #define LT_OBJDIR ".libs/"
| #define POSTGIS_MAJOR_VERSION "1"
| #define POSTGIS_MINOR_VERSION "5"
| #define POSTGIS_MICRO_VERSION "3"
| #define HAVE_IEEEFP_H 0
| #define PWDREGRESS 1
| /* end confdefs.h.  */
| #include <CUnit/CUnit.h>
configure:15459: result: no
configure:15459: checking for CUnit/CUnit.h
configure:15459: result: no
configure:15509: WARNING: could not locate CUnit required for liblwgeom unit tests
configure:15546: checking iconv.h usability
configure:15546: gcc -c -g -O2  conftest.c >&5
configure:15546: $? = 0
configure:15546: result: yes
configure:15546: checking iconv.h presence
configure:15546: gcc -E  conftest.c
configure:15546: $? = 0
configure:15546: result: yes
configure:15546: checking for iconv.h
configure:15546: result: yes
configure:15554: checking for libiconv_open in -liconv
configure:15579: gcc -o conftest -g -O2   conftest.c -liconv   >&5
/usr/bin/ld: cannot find -liconv
collect2: ld returned 1 exit status
configure:15579: $? = 1
configure: failed program was:
| /* confdefs.h */
| #define PACKAGE_NAME ""
| #define PACKAGE_TARNAME ""
| #define PACKAGE_VERSION ""
| #define PACKAGE_STRING ""
| #define PACKAGE_BUGREPORT ""
| #define PACKAGE_URL ""
| #define STDC_HEADERS 1
| #define HAVE_SYS_TYPES_H 1
| #define HAVE_SYS_STAT_H 1
| #define HAVE_STDLIB_H 1
| #define HAVE_STRING_H 1
| #define HAVE_MEMORY_H 1
| #define HAVE_STRINGS_H 1
| #define HAVE_INTTYPES_H 1
| #define HAVE_STDINT_H 1
| #define HAVE_UNISTD_H 1
| #define HAVE_DLFCN_H 1
| #define LT_OBJDIR ".libs/"
| #define POSTGIS_MAJOR_VERSION "1"
| #define POSTGIS_MINOR_VERSION "5"
| #define POSTGIS_MICRO_VERSION "3"
| #define HAVE_IEEEFP_H 0
| #define PWDREGRESS 1
| /* end confdefs.h.  */
| 
| /* Override any GCC internal prototype to avoid an error.
|    Use char because int might match the return type of a GCC
|    builtin and then its argument prototype would still apply.  */
| #ifdef __cplusplus
| extern "C"
| #endif
| char libiconv_open ();
| int
| main ()
| {
| return libiconv_open ();
|   ;
|   return 0;
| }
configure:15588: result: no
configure:15595: checking for iconv_open in -lc
configure:15620: gcc -o conftest -g -O2   conftest.c -lc   >&5
configure:15620: $? = 0
configure:15629: result: yes
configure:15688: checking for iconvctl
configure:15688: gcc -o conftest -g -O2   conftest.c  >&5
/tmp/ccfYMiST.o: In function `main':
/home/swapna/WorkSpace/hyderabad_homes/postgis-1.5.3/conftest.c:60: undefined reference to `iconvctl'
collect2: ld returned 1 exit status
configure:15688: $? = 1
configure: failed program was:
| /* confdefs.h */
| #define PACKAGE_NAME ""
| #define PACKAGE_TARNAME ""
| #define PACKAGE_VERSION ""
| #define PACKAGE_STRING ""
| #define PACKAGE_BUGREPORT ""
| #define PACKAGE_URL ""
| #define STDC_HEADERS 1
| #define HAVE_SYS_TYPES_H 1
| #define HAVE_SYS_STAT_H 1
| #define HAVE_STDLIB_H 1
| #define HAVE_STRING_H 1
| #define HAVE_MEMORY_H 1
| #define HAVE_STRINGS_H 1
| #define HAVE_INTTYPES_H 1
| #define HAVE_STDINT_H 1
| #define HAVE_UNISTD_H 1
| #define HAVE_DLFCN_H 1
| #define LT_OBJDIR ".libs/"
| #define POSTGIS_MAJOR_VERSION "1"
| #define POSTGIS_MINOR_VERSION "5"
| #define POSTGIS_MICRO_VERSION "3"
| #define HAVE_IEEEFP_H 0
| #define PWDREGRESS 1
| /* end confdefs.h.  */
| /* Define iconvctl to an innocuous variant, in case <limits.h> declares iconvctl.
|    For example, HP-UX 11i <limits.h> declares gettimeofday.  */
| #define iconvctl innocuous_iconvctl
| 
| /* System header to define __stub macros and hopefully few prototypes,
|     which can conflict with char iconvctl (); below.
|     Prefer <limits.h> to <assert.h> if __STDC__ is defined, since
|     <limits.h> exists even on freestanding compilers.  */
| 
| #ifdef __STDC__
| # include <limits.h>
| #else
| # include <assert.h>
| #endif
| 
| #undef iconvctl
| 
| /* Override any GCC internal prototype to avoid an error.
|    Use char because int might match the return type of a GCC
|    builtin and then its argument prototype would still apply.  */
| #ifdef __cplusplus
| extern "C"
| #endif
| char iconvctl ();
| /* The GNU C library defines this for functions which it implements
|     to always fail with ENOSYS.  Some functions are actually named
|     something starting with __ and the normal name is an alias.  */
| #if defined __stub_iconvctl || defined __stub___iconvctl
| choke me
| #endif
| 
| int
| main ()
| {
| return iconvctl ();
|   ;
|   return 0;
| }
configure:15688: result: no
configure:15688: checking for libiconvctl
configure:15688: gcc -o conftest -g -O2   conftest.c  >&5
/tmp/ccUCbENW.o: In function `main':
/home/swapna/WorkSpace/hyderabad_homes/postgis-1.5.3/conftest.c:60: undefined reference to `libiconvctl'
collect2: ld returned 1 exit status
configure:15688: $? = 1
configure: failed program was:
| /* confdefs.h */
| #define PACKAGE_NAME ""
| #define PACKAGE_TARNAME ""
| #define PACKAGE_VERSION ""
| #define PACKAGE_STRING ""
| #define PACKAGE_BUGREPORT ""
| #define PACKAGE_URL ""
| #define STDC_HEADERS 1
| #define HAVE_SYS_TYPES_H 1
| #define HAVE_SYS_STAT_H 1
| #define HAVE_STDLIB_H 1
| #define HAVE_STRING_H 1
| #define HAVE_MEMORY_H 1
| #define HAVE_STRINGS_H 1
| #define HAVE_INTTYPES_H 1
| #define HAVE_STDINT_H 1
| #define HAVE_UNISTD_H 1
| #define HAVE_DLFCN_H 1
| #define LT_OBJDIR ".libs/"
| #define POSTGIS_MAJOR_VERSION "1"
| #define POSTGIS_MINOR_VERSION "5"
| #define POSTGIS_MICRO_VERSION "3"
| #define HAVE_IEEEFP_H 0
| #define PWDREGRESS 1
| /* end confdefs.h.  */
| /* Define libiconvctl to an innocuous variant, in case <limits.h> declares libiconvctl.
|    For example, HP-UX 11i <limits.h> declares gettimeofday.  */
| #define libiconvctl innocuous_libiconvctl
| 
| /* System header to define __stub macros and hopefully few prototypes,
|     which can conflict with char libiconvctl (); below.
|     Prefer <limits.h> to <assert.h> if __STDC__ is defined, since
|     <limits.h> exists even on freestanding compilers.  */
| 
| #ifdef __STDC__
| # include <limits.h>
| #else
| # include <assert.h>
| #endif
| 
| #undef libiconvctl
| 
| /* Override any GCC internal prototype to avoid an error.
|    Use char because int might match the return type of a GCC
|    builtin and then its argument prototype would still apply.  */
| #ifdef __cplusplus
| extern "C"
| #endif
| char libiconvctl ();
| /* The GNU C library defines this for functions which it implements
|     to always fail with ENOSYS.  Some functions are actually named
|     something starting with __ and the normal name is an alias.  */
| #if defined __stub_libiconvctl || defined __stub___libiconvctl
| choke me
| #endif
| 
| int
| main ()
| {
| return libiconvctl ();
|   ;
|   return 0;
| }
configure:15688: result: no
configure:15726: checking for pg_config
configure:15744: found /usr/bin/pg_config
configure:15756: result: /usr/bin/pg_config
configure:15796: result: checking PostgreSQL version... PostgreSQL 9.1.4
configure:15838: checking libpq-fe.h usability
configure:15838: gcc -c -g -O2 -I/usr/include/postgresql conftest.c >&5
configure:15838: $? = 0
configure:15838: result: yes
configure:15838: checking libpq-fe.h presence
configure:15838: gcc -E -I/usr/include/postgresql conftest.c
configure:15838: $? = 0
configure:15838: result: yes
configure:15838: checking for libpq-fe.h
configure:15838: result: yes
configure:15850: checking for PQserverVersion in -lpq
configure:15875: gcc -o conftest -g -O2   conftest.c -lpq  -L/usr/lib -lpq >&5
configure:15875: $? = 0
configure:15884: result: yes
configure:15920: checking for xml2-config
configure:15938: found /usr/bin/xml2-config
configure:15950: result: /usr/bin/xml2-config
configure:15986: checking libxml/tree.h usability
configure:15986: gcc -c -g -O2 -I/usr/include/libxml2 conftest.c >&5
configure:15986: $? = 0
configure:15986: result: yes
configure:15986: checking libxml/tree.h presence
configure:15986: gcc -E -I/usr/include/libxml2 conftest.c
configure:15986: $? = 0
configure:15986: result: yes
configure:15986: checking for libxml/tree.h
configure:15986: result: yes
configure:15986: checking libxml/parser.h usability
configure:15986: gcc -c -g -O2 -I/usr/include/libxml2 conftest.c >&5
configure:15986: $? = 0
configure:15986: result: yes
configure:15986: checking libxml/parser.h presence
configure:15986: gcc -E -I/usr/include/libxml2 conftest.c
configure:15986: $? = 0
configure:15986: result: yes
configure:15986: checking for libxml/parser.h
configure:15986: result: yes
configure:15986: checking libxml/xpath.h usability
configure:15986: gcc -c -g -O2 -I/usr/include/libxml2 conftest.c >&5
configure:15986: $? = 0
configure:15986: result: yes
configure:15986: checking libxml/xpath.h presence
configure:15986: gcc -E -I/usr/include/libxml2 conftest.c
configure:15986: $? = 0
configure:15986: result: yes
configure:15986: checking for libxml/xpath.h
configure:15986: result: yes
configure:15986: checking libxml/xpathInternals.h usability
configure:15986: gcc -c -g -O2 -I/usr/include/libxml2 conftest.c >&5
configure:15986: $? = 0
configure:15986: result: yes
configure:15986: checking libxml/xpathInternals.h presence
configure:15986: gcc -E -I/usr/include/libxml2 conftest.c
configure:15986: $? = 0
configure:15986: result: yes
configure:15986: checking for libxml/xpathInternals.h
configure:15986: result: yes
configure:16001: checking for xmlInitParser in -lxml2
configure:16026: gcc -o conftest -g -O2 -I/usr/include/libxml2  conftest.c -lxml2  -L/usr/lib/i386-linux-gnu -lxml2 >&5
configure:16026: $? = 0
configure:16035: result: yes
configure:16071: checking for geos-config
configure:16089: found /usr/bin/geos-config
configure:16101: result: /usr/bin/geos-config
configure:16133: result: checking GEOS version... 3.2.2
configure:16144: checking geos_c.h usability
configure:16144: gcc -c -g -O2 -I/usr/include conftest.c >&5
configure:16144: $? = 0
configure:16144: result: yes
configure:16144: checking geos_c.h presence
configure:16144: gcc -E -I/usr/include conftest.c
configure:16144: $? = 0
configure:16144: result: yes
configure:16144: checking for geos_c.h
configure:16144: result: yes
configure:16156: checking for initGEOS in -lgeos_c
configure:16181: gcc -o conftest -g -O2 -I/usr/include/libxml2  conftest.c -lgeos_c  -L/usr/lib >&5
configure:16181: $? = 0
configure:16190: result: yes
configure:16242: checking proj_api.h usability
configure:16242: gcc -c -g -O2  conftest.c >&5
configure:16242: $? = 0
configure:16242: result: yes
configure:16242: checking proj_api.h presence
configure:16242: gcc -E  conftest.c
configure:16242: $? = 0
configure:16242: result: yes
configure:16242: checking for proj_api.h
configure:16242: result: yes
configure:16280: gcc -o conftest -g -O2   conftest.c -lxml2 -L/usr/lib/i386-linux-gnu -lxml2 >&5
configure:16280: $? = 0
configure:16280: ./conftest
configure:16280: $? = 0
configure:16309: checking for pj_get_release in -lproj
configure:16334: gcc -o conftest -g -O2 -I/usr/include/libxml2  conftest.c -lproj   >&5
configure:16334: $? = 0
configure:16343: result: yes
configure:16887: creating ./config.status

## ---------------------- ##
## Running config.status. ##
## ---------------------- ##

This file was extended by config.status, which was
generated by GNU Autoconf 2.68.  Invocation command line was

  CONFIG_FILES    = 
  CONFIG_HEADERS  = 
  CONFIG_LINKS    = 
  CONFIG_COMMANDS = 
  $ ./config.status 

on swapna

config.status:1194: creating liblwgeom/Makefile
config.status:1194: creating liblwgeom/cunit/Makefile
config.status:1194: creating postgis/Makefile
config.status:1194: creating postgis/sqldefines.h
config.status:1194: creating loader/Makefile
config.status:1194: creating topology/Makefile
config.status:1194: creating regress/Makefile
config.status:1194: creating doc/Makefile
config.status:1194: creating doc/Makefile.comments
config.status:1194: creating doc/html/image_src/Makefile
config.status:1194: creating postgis_config.h
config.status:1378: executing libtool commands
configure:19264: result: 
configure:19266: result:   PostGIS is now configured for i686-pc-linux-gnu
configure:19268: result: 
configure:19270: result:  -------------- Compiler Info ------------- 
configure:19272: result:   C compiler:           gcc -g -O2
configure:19274: result:   C++ compiler:         g++ -g -O2
configure:19276: result: 
configure:19278: result:  -------------- Dependencies -------------- 
configure:19280: result:   GEOS config:          /usr/bin/geos-config
configure:19282: result:   GEOS version:         3.2.2
configure:19284: result:   PostgreSQL config:    /usr/bin/pg_config
configure:19286: result:   PostgreSQL version:   PostgreSQL 9.1.4
configure:19288: result:   PROJ4 version:        47
configure:19290: result:   Libxml2 config:       /usr/bin/xml2-config
configure:19292: result:   Libxml2 version:      2.7.8
configure:19294: result:   PostGIS debug level:  0
configure:19296: result: 
configure:19298: result:  -------- Documentation Generation -------- 
configure:19300: result:   xsltproc:             
configure:19302: result:   xsl style sheets:     
configure:19304: result:   dblatex:              
configure:19306: result:   convert:              
configure:19308: result: 

## ---------------- ##
## Cache variables. ##
## ---------------- ##

_cv_misprot=yes
_cv_wall=yes
ac_cv_build=i686-pc-linux-gnu
ac_cv_c_compiler_gnu=yes
ac_cv_cxx_compiler_gnu=yes
ac_cv_env_CCC_set=
ac_cv_env_CCC_value=
ac_cv_env_CC_set=
ac_cv_env_CC_value=
ac_cv_env_CFLAGS_set=
ac_cv_env_CFLAGS_value=
ac_cv_env_CPPFLAGS_set=
ac_cv_env_CPPFLAGS_value=
ac_cv_env_CPP_set=
ac_cv_env_CPP_value=
ac_cv_env_CXXCPP_set=
ac_cv_env_CXXCPP_value=
ac_cv_env_CXXFLAGS_set=
ac_cv_env_CXXFLAGS_value=
ac_cv_env_CXX_set=
ac_cv_env_CXX_value=
ac_cv_env_LDFLAGS_set=
ac_cv_env_LDFLAGS_value=
ac_cv_env_LIBS_set=
ac_cv_env_LIBS_value=
ac_cv_env_YACC_set=
ac_cv_env_YACC_value=
ac_cv_env_YFLAGS_set=
ac_cv_env_YFLAGS_value=
ac_cv_env_build_alias_set=
ac_cv_env_build_alias_value=
ac_cv_env_host_alias_set=
ac_cv_env_host_alias_value=
ac_cv_env_target_alias_set=
ac_cv_env_target_alias_value=
ac_cv_func_iconvctl=no
ac_cv_func_libiconvctl=no
ac_cv_header_CUnit_CUnit_h=no
ac_cv_header_dlfcn_h=yes
ac_cv_header_geos_c_h=yes
ac_cv_header_iconv_h=yes
ac_cv_header_ieeefp_h=no
ac_cv_header_inttypes_h=yes
ac_cv_header_libpq_fe_h=yes
ac_cv_header_libxml_parser_h=yes
ac_cv_header_libxml_tree_h=yes
ac_cv_header_libxml_xpathInternals_h=yes
ac_cv_header_libxml_xpath_h=yes
ac_cv_header_memory_h=yes
ac_cv_header_proj_api_h=yes
ac_cv_header_stdc=yes
ac_cv_header_stdint_h=yes
ac_cv_header_stdlib_h=yes
ac_cv_header_string_h=yes
ac_cv_header_strings_h=yes
ac_cv_header_sys_stat_h=yes
ac_cv_header_sys_types_h=yes
ac_cv_header_unistd_h=yes
ac_cv_host=i686-pc-linux-gnu
ac_cv_lib_c_iconv_open=yes
ac_cv_lib_geos_c_initGEOS=yes
ac_cv_lib_iconv_libiconv_open=no
ac_cv_lib_pq_PQserverVersion=yes
ac_cv_lib_proj_pj_get_release=yes
ac_cv_lib_xml2_xmlInitParser=yes
ac_cv_objext=o
ac_cv_path_EGREP='/bin/grep -E'
ac_cv_path_FGREP='/bin/grep -F'
ac_cv_path_GEOSCONFIG=/usr/bin/geos-config
ac_cv_path_GREP=/bin/grep
ac_cv_path_PGCONFIG=/usr/bin/pg_config
ac_cv_path_SED=/bin/sed
ac_cv_path_XML2CONFIG=/usr/bin/xml2-config
ac_cv_prog_AWK=mawk
ac_cv_prog_CPP='gcc -E'
ac_cv_prog_CXXCPP='g++ -E'
ac_cv_prog_ac_ct_AR=ar
ac_cv_prog_ac_ct_CC=gcc
ac_cv_prog_ac_ct_CXX=g++
ac_cv_prog_ac_ct_MANIFEST_TOOL=mt
ac_cv_prog_ac_ct_OBJDUMP=objdump
ac_cv_prog_ac_ct_RANLIB=ranlib
ac_cv_prog_ac_ct_STRIP=strip
ac_cv_prog_cc_c89=
ac_cv_prog_cc_g=yes
ac_cv_prog_cxx_g=yes
dummy_cv_ffloat_store=yes
lt_cv_ar_at_file=@
lt_cv_archive_cmds_need_lc=no
lt_cv_deplibs_check_method=pass_all
lt_cv_file_magic_cmd='$MAGIC_CMD'
lt_cv_file_magic_test_file=
lt_cv_ld_reload_flag=-r
lt_cv_nm_interface='BSD nm'
lt_cv_objdir=.libs
lt_cv_path_LD=/usr/bin/ld
lt_cv_path_LDCXX=/usr/bin/ld
lt_cv_path_NM='/usr/bin/nm -B'
lt_cv_path_mainfest_tool=no
lt_cv_prog_compiler_c_o=yes
lt_cv_prog_compiler_c_o_CXX=yes
lt_cv_prog_compiler_pic='-fPIC -DPIC'
lt_cv_prog_compiler_pic_CXX='-fPIC -DPIC'
lt_cv_prog_compiler_pic_works=yes
lt_cv_prog_compiler_pic_works_CXX=yes
lt_cv_prog_compiler_rtti_exceptions=no
lt_cv_prog_compiler_static_works=yes
lt_cv_prog_compiler_static_works_CXX=yes
lt_cv_prog_gnu_ld=yes
lt_cv_prog_gnu_ldcxx=yes
lt_cv_sharedlib_from_linklib_cmd='printf %s\n'
lt_cv_shlibpath_overrides_runpath=no
lt_cv_sys_global_symbol_pipe='sed -n -e '\''s/^.*[	 ]\([ABCDGIRSTW][ABCDGIRSTW]*\)[	 ][	 ]*\([_A-Za-z][_A-Za-z0-9]*\)$/\1 \2 \2/p'\'' | sed '\''/ __gnu_lto/d'\'''
lt_cv_sys_global_symbol_to_c_name_address='sed -n -e '\''s/^: \([^ ]*\)[ ]*$/  {\"\1\", (void *) 0},/p'\'' -e '\''s/^[ABCDGIRSTW]* \([^ ]*\) \([^ ]*\)$/  {"\2", (void *) \&\2},/p'\'''
lt_cv_sys_global_symbol_to_c_name_address_lib_prefix='sed -n -e '\''s/^: \([^ ]*\)[ ]*$/  {\"\1\", (void *) 0},/p'\'' -e '\''s/^[ABCDGIRSTW]* \([^ ]*\) \(lib[^ ]*\)$/  {"\2", (void *) \&\2},/p'\'' -e '\''s/^[ABCDGIRSTW]* \([^ ]*\) \([^ ]*\)$/  {"lib\2", (void *) \&\2},/p'\'''
lt_cv_sys_global_symbol_to_cdecl='sed -n -e '\''s/^T .* \(.*\)$/extern int \1();/p'\'' -e '\''s/^[ABCDGIRSTW]* .* \(.*\)$/extern char \1;/p'\'''
lt_cv_sys_max_cmd_len=1572864
lt_cv_to_host_file_cmd=func_convert_file_noop
lt_cv_to_tool_file_cmd=func_convert_file_noop

## ----------------- ##
## Output variables. ##
## ----------------- ##

AR='ar'
AWK='mawk'
CC='gcc'
CFLAGS='-g -O2'
CPP='gcc -E'
CPPFLAGS=' -I/usr/include  -I/usr/include/libxml2'
CUNIT_CPPFLAGS=''
CUNIT_LDFLAGS=''
CXX='g++'
CXXCPP='g++ -E'
CXXFLAGS='-g -O2'
DBLATEX=''
DEFS='-DHAVE_CONFIG_H'
DLLTOOL='false'
DSYMUTIL=''
DUMPBIN=''
ECHO_C=''
ECHO_N='-n'
ECHO_T=''
EGREP='/bin/grep -E'
EXEEXT=''
EXESUFFIX=''
FGREP='/bin/grep -F'
GEOSCONFIG='/usr/bin/geos-config'
GREP='/bin/grep'
GTK_BUILD=''
GTK_CFLAGS=''
GTK_LIBS=''
GTK_WIN32_FLAGS=''
GTK_WIN32_RES=''
ICONV_CFLAGS=''
ICONV_LDFLAGS=' -lc'
IGE_MAC_CFLAGS=''
IGE_MAC_LIBS=''
IMAGEMAGICK=''
LD='/usr/bin/ld'
LDFLAGS=''
LEX=':'
LEXLIB=''
LEX_OUTPUT_ROOT=''
LIBOBJS=''
LIBS='-lxml2 -L/usr/lib/i386-linux-gnu -lxml2'
LIBTOOL='$(SHELL) $(top_builddir)/libtool'
LIPO=''
LN_S='ln -s'
LTLIBOBJS=''
MANIFEST_TOOL=':'
NM='/usr/bin/nm -B'
NMEDIT=''
NUMERICFLAGS=' -ffloat-store'
OBJDUMP='objdump'
OBJEXT='o'
OTOOL64=''
OTOOL=''
PACKAGE_BUGREPORT=''
PACKAGE_NAME=''
PACKAGE_STRING=''
PACKAGE_TARNAME=''
PACKAGE_URL=''
PACKAGE_VERSION=''
PATH_SEPARATOR=':'
PGCONFIG='/usr/bin/pg_config'
PGSQL_BINDIR='/usr/lib/postgresql/9.1/bin'
PGSQL_DOCDIR='/usr/share/doc/postgresql-doc-9.1'
PGSQL_FE_CPPFLAGS='-I/usr/include/postgresql'
PGSQL_FE_LDFLAGS='-L/usr/lib -lpq'
PGSQL_MANDIR='/usr/share/postgresql/9.1/man'
PGSQL_SHAREDIR='/usr/share/postgresql/9.1'
PGXS='/usr/lib/postgresql/9.1/lib/pgxs/src/makefiles/pgxs.mk'
PGXSOVERRIDE='0'
PICFLAGS=' -fPIC -DPIC'
PKG_CONFIG=''
POSTGIS_BUILD_DATE='2012-08-07 12:32:56'
POSTGIS_GEOS_VERSION='32'
POSTGIS_LIBXML2_VERSION='2.7.8'
POSTGIS_LIB_VERSION='1.5.3'
POSTGIS_MAJOR_VERSION='1'
POSTGIS_MICRO_VERSION='3'
POSTGIS_MINOR_VERSION='5'
POSTGIS_PGSQL_VERSION='91'
POSTGIS_PROJ_VERSION='47'
POSTGIS_SCRIPTS_VERSION='1.5 r7360'
POSTGIS_VERSION='1.5 USE_GEOS=1 USE_PROJ=1 USE_STATS=1'
PWDREGRESS='pwd'
RANLIB='ranlib'
SED='/bin/sed'
SHELL='/bin/bash'
SHLIB_LINK=' -L/usr/lib  -lgeos_c -lproj -L/usr/lib/i386-linux-gnu -lxml2'
STRIP='strip'
WARNFLAGS=' -Wall -Wmissing-prototypes'
XML2CONFIG='/usr/bin/xml2-config'
XSLBASE=''
XSLTPROC=''
YACC='yacc'
YFLAGS=''
ac_ct_AR='ar'
ac_ct_CC='gcc'
ac_ct_CXX='g++'
ac_ct_DUMPBIN=''
bindir='${exec_prefix}/bin'
build='i686-pc-linux-gnu'
build_alias=''
build_cpu='i686'
build_os='linux-gnu'
build_vendor='pc'
datadir='${datarootdir}'
datarootdir='${prefix}/share'
docdir='${datarootdir}/doc/${PACKAGE}'
dvidir='${docdir}'
exec_prefix='${prefix}'
host='i686-pc-linux-gnu'
host_alias=''
host_cpu='i686'
host_os='linux-gnu'
host_vendor='pc'
htmldir='${docdir}'
includedir='${prefix}/include'
infodir='${datarootdir}/info'
libdir='${exec_prefix}/lib'
libexecdir='${exec_prefix}/libexec'
localedir='${datarootdir}/locale'
localstatedir='${prefix}/var'
mandir='${datarootdir}/man'
oldincludedir='/usr/include'
pdfdir='${docdir}'
prefix='/usr/local'
program_transform_name='s,x,x,'
psdir='${docdir}'
sbindir='${exec_prefix}/sbin'
sharedstatedir='${prefix}/com'
sysconfdir='${prefix}/etc'
target_alias=''

## ----------- ##
## confdefs.h. ##
## ----------- ##

/* confdefs.h */
#define PACKAGE_NAME ""
#define PACKAGE_TARNAME ""
#define PACKAGE_VERSION ""
#define PACKAGE_STRING ""
#define PACKAGE_BUGREPORT ""
#define PACKAGE_URL ""
#define STDC_HEADERS 1
#define HAVE_SYS_TYPES_H 1
#define HAVE_SYS_STAT_H 1
#define HAVE_STDLIB_H 1
#define HAVE_STRING_H 1
#define HAVE_MEMORY_H 1
#define HAVE_STRINGS_H 1
#define HAVE_INTTYPES_H 1
#define HAVE_STDINT_H 1
#define HAVE_UNISTD_H 1
#define HAVE_DLFCN_H 1
#define LT_OBJDIR ".libs/"
#define POSTGIS_MAJOR_VERSION "1"
#define POSTGIS_MINOR_VERSION "5"
#define POSTGIS_MICRO_VERSION "3"
#define HAVE_IEEEFP_H 0
#define PWDREGRESS 1
#define HAVE_ICONV 1
#define HAVE_LIBPQ 1
#define POSTGIS_PGSQL_VERSION 91
#define HAVE_LIBXML_TREE_H 1
#define HAVE_LIBXML_PARSER_H 1
#define HAVE_LIBXML_XPATH_H 1
#define HAVE_LIBXML_XPATHINTERNALS_H 1
#define HAVE_LIBXML2 1
#define POSTGIS_LIBXML2_VERSION "2.7.8"
#define HAVE_LIBGEOS_C 1
#define POSTGIS_GEOS_VERSION 32
#define POSTGIS_PROJ_VERSION 47
#define HAVE_LIBPROJ 1
#define POSTGIS_DEBUG_LEVEL 0
#define POSTGIS_PROFILE 0
#define POSTGIS_VERSION "1.5 USE_GEOS=1 USE_PROJ=1 USE_STATS=1"
#define POSTGIS_LIB_VERSION "1.5.3"
#define POSTGIS_BUILD_DATE "2012-08-07 12:32:56"
#define POSTGIS_SCRIPTS_VERSION "1.5 r7360"
#define POSTGIS_AUTOCACHE_BBOX 1
#define POSTGIS_USE_STATS 1

configure: exit 0
